[debug] [2025-01-06T18:41:02.938Z] ----------------------------------------------------------------------
[debug] [2025-01-06T18:41:02.943Z] Command:       C:\Program Files\nodejs\node.exe C:\Users\Franco\AppData\Roaming\npm\node_modules\firebase-tools\lib\bin\firebase.js deploy
[debug] [2025-01-06T18:41:02.945Z] CLI Version:   12.5.3
[debug] [2025-01-06T18:41:02.945Z] Platform:      win32
[debug] [2025-01-06T18:41:02.946Z] Node Version:  v20.14.0
[debug] [2025-01-06T18:41:02.946Z] Time:          Mon Jan 06 2025 15:41:02 GMT-0300 (hora estándar de Argentina)
[debug] [2025-01-06T18:41:02.946Z] ----------------------------------------------------------------------
[debug] 
[debug] [2025-01-06T18:41:03.018Z] >>> [apiv2][query] GET https://firebase-public.firebaseio.com/cli.json [none]
[debug] [2025-01-06T18:41:03.243Z] > command requires scopes: ["email","openid","https://www.googleapis.com/auth/cloudplatformprojects.readonly","https://www.googleapis.com/auth/firebase","https://www.googleapis.com/auth/cloud-platform"]
[debug] [2025-01-06T18:41:03.244Z] > authorizing via signed-in user (frighetto23@gmail.com)
[debug] [2025-01-06T18:41:03.244Z] [iam] checking project angular-portfolio14 for permissions ["firebase.projects.get","firebasehosting.sites.update"]
[debug] [2025-01-06T18:41:03.245Z] > refreshing access token with scopes: []
[debug] [2025-01-06T18:41:03.246Z] >>> [apiv2][query] POST https://www.googleapis.com/oauth2/v3/token [none]
[debug] [2025-01-06T18:41:03.246Z] >>> [apiv2][body] POST https://www.googleapis.com/oauth2/v3/token [omitted]
[debug] [2025-01-06T18:41:03.402Z] <<< [apiv2][status] POST https://www.googleapis.com/oauth2/v3/token 200
[debug] [2025-01-06T18:41:03.403Z] <<< [apiv2][body] POST https://www.googleapis.com/oauth2/v3/token [omitted]
[debug] [2025-01-06T18:41:03.439Z] >>> [apiv2][query] POST https://cloudresourcemanager.googleapis.com/v1/projects/angular-portfolio14:testIamPermissions [none]
[debug] [2025-01-06T18:41:03.439Z] >>> [apiv2][(partial)header] POST https://cloudresourcemanager.googleapis.com/v1/projects/angular-portfolio14:testIamPermissions x-goog-quota-user=projects/angular-portfolio14
[debug] [2025-01-06T18:41:03.440Z] >>> [apiv2][body] POST https://cloudresourcemanager.googleapis.com/v1/projects/angular-portfolio14:testIamPermissions {"permissions":["firebase.projects.get","firebasehosting.sites.update"]}
[debug] [2025-01-06T18:41:03.644Z] <<< [apiv2][status] GET https://firebase-public.firebaseio.com/cli.json 200
[debug] [2025-01-06T18:41:03.644Z] <<< [apiv2][body] GET https://firebase-public.firebaseio.com/cli.json {"cloudBuildErrorAfter":1594252800000,"cloudBuildWarnAfter":1590019200000,"defaultNode10After":1594252800000,"minVersion":"3.0.5","node8DeploysDisabledAfter":1613390400000,"node8RuntimeDisabledAfter":1615809600000,"node8WarnAfter":1600128000000}
[debug] [2025-01-06T18:41:04.446Z] <<< [apiv2][status] POST https://cloudresourcemanager.googleapis.com/v1/projects/angular-portfolio14:testIamPermissions 200
[debug] [2025-01-06T18:41:04.447Z] <<< [apiv2][body] POST https://cloudresourcemanager.googleapis.com/v1/projects/angular-portfolio14:testIamPermissions {}
[debug] [2025-01-06T18:41:04.447Z] [iam] error while checking permissions, command may fail: FirebaseError: Authorization failed. This account is missing the following required permissions on project angular-portfolio14:

  firebase.projects.get
  firebasehosting.sites.update
[debug] [2025-01-06T18:41:04.448Z] >>> [apiv2][query] GET https://firebase.googleapis.com/v1beta1/projects/angular-portfolio14 [none]
[debug] [2025-01-06T18:41:05.047Z] <<< [apiv2][status] GET https://firebase.googleapis.com/v1beta1/projects/angular-portfolio14 403
[debug] [2025-01-06T18:41:05.048Z] <<< [apiv2][body] GET https://firebase.googleapis.com/v1beta1/projects/angular-portfolio14 {"error":{"code":403,"message":"The caller does not have permission","status":"PERMISSION_DENIED"}}
[debug] [2025-01-06T18:41:05.049Z] HTTP Error: 403, The caller does not have permission
[debug] [2025-01-06T18:41:05.159Z] FirebaseError: HTTP Error: 403, The caller does not have permission
    at responseToError (C:\Users\Franco\AppData\Roaming\npm\node_modules\firebase-tools\lib\responseToError.js:49:12)
    at RetryOperation._fn (C:\Users\Franco\AppData\Roaming\npm\node_modules\firebase-tools\lib\apiv2.js:285:77)
    at process.processTicksAndRejections (node:internal/process/task_queues:95:5)
[error] 
[error] Error: Failed to get Firebase project angular-portfolio14. Please make sure the project exists and your account has permission to access it.
[debug] [2025-01-06T18:46:01.141Z] ----------------------------------------------------------------------
[debug] [2025-01-06T18:46:01.144Z] Command:       C:\Program Files\nodejs\node.exe C:\Users\Franco\AppData\Roaming\npm\node_modules\firebase-tools\lib\bin\firebase.js deploy
[debug] [2025-01-06T18:46:01.144Z] CLI Version:   12.5.3
[debug] [2025-01-06T18:46:01.144Z] Platform:      win32
[debug] [2025-01-06T18:46:01.144Z] Node Version:  v20.14.0
[debug] [2025-01-06T18:46:01.144Z] Time:          Mon Jan 06 2025 15:46:01 GMT-0300 (hora estándar de Argentina)
[debug] [2025-01-06T18:46:01.144Z] ----------------------------------------------------------------------
[debug] 
[debug] [2025-01-06T18:46:01.227Z] > command requires scopes: ["email","openid","https://www.googleapis.com/auth/cloudplatformprojects.readonly","https://www.googleapis.com/auth/firebase","https://www.googleapis.com/auth/cloud-platform"]
[debug] [2025-01-06T18:46:01.227Z] > authorizing via signed-in user (frighetto23@gmail.com)
[debug] [2025-01-06T18:46:01.228Z] [iam] checking project angular-portfolio14 for permissions ["firebase.projects.get","firebasehosting.sites.update"]
[debug] [2025-01-06T18:46:01.230Z] >>> [apiv2][query] POST https://cloudresourcemanager.googleapis.com/v1/projects/angular-portfolio14:testIamPermissions [none]
[debug] [2025-01-06T18:46:01.230Z] >>> [apiv2][(partial)header] POST https://cloudresourcemanager.googleapis.com/v1/projects/angular-portfolio14:testIamPermissions x-goog-quota-user=projects/angular-portfolio14
[debug] [2025-01-06T18:46:01.230Z] >>> [apiv2][body] POST https://cloudresourcemanager.googleapis.com/v1/projects/angular-portfolio14:testIamPermissions {"permissions":["firebase.projects.get","firebasehosting.sites.update"]}
[debug] [2025-01-06T18:46:02.257Z] <<< [apiv2][status] POST https://cloudresourcemanager.googleapis.com/v1/projects/angular-portfolio14:testIamPermissions 200
[debug] [2025-01-06T18:46:02.258Z] <<< [apiv2][body] POST https://cloudresourcemanager.googleapis.com/v1/projects/angular-portfolio14:testIamPermissions {}
[debug] [2025-01-06T18:46:02.258Z] [iam] error while checking permissions, command may fail: FirebaseError: Authorization failed. This account is missing the following required permissions on project angular-portfolio14:

  firebase.projects.get
  firebasehosting.sites.update
[debug] [2025-01-06T18:46:02.258Z] >>> [apiv2][query] GET https://firebase.googleapis.com/v1beta1/projects/angular-portfolio14 [none]
[debug] [2025-01-06T18:46:02.773Z] <<< [apiv2][status] GET https://firebase.googleapis.com/v1beta1/projects/angular-portfolio14 403
[debug] [2025-01-06T18:46:02.774Z] <<< [apiv2][body] GET https://firebase.googleapis.com/v1beta1/projects/angular-portfolio14 {"error":{"code":403,"message":"The caller does not have permission","status":"PERMISSION_DENIED"}}
[debug] [2025-01-06T18:46:02.775Z] HTTP Error: 403, The caller does not have permission
[debug] [2025-01-06T18:46:02.877Z] FirebaseError: HTTP Error: 403, The caller does not have permission
    at responseToError (C:\Users\Franco\AppData\Roaming\npm\node_modules\firebase-tools\lib\responseToError.js:49:12)
    at RetryOperation._fn (C:\Users\Franco\AppData\Roaming\npm\node_modules\firebase-tools\lib\apiv2.js:285:77)
    at process.processTicksAndRejections (node:internal/process/task_queues:95:5)
[error] 
[error] Error: Failed to get Firebase project angular-portfolio14. Please make sure the project exists and your account has permission to access it.
